<?xml version="1.0" encoding="UTF-8"?>
<!-- Generated by org.testng.reporters.JUnitReportReporter -->
<testsuite hostname="qedge-3952" name="bnbmbnm.extentreportgeneration" tests="1" failures="0" timestamp="18 Mar 2016 12:00:55 GMT" time="15.665" errors="0">
  <testcase name="reports" time="15.665" classname="bnbmbnm.extentreportgeneration"/>
</testsuite> <!-- bnbmbnm.extentreportgeneration -->
