<?xml version="1.0" encoding="UTF-8"?>
<!-- Generated by org.testng.reporters.JUnitReportReporter -->
<testsuite hostname="qedge-3952" name="bnbmbnm.jenkinstest" tests="1" failures="0" timestamp="18 Mar 2016 04:17:53 GMT" time="14.317" errors="0">
  <testcase name="orangehrmlogin" time="14.317" classname="bnbmbnm.jenkinstest"/>
</testsuite> <!-- bnbmbnm.jenkinstest -->
