<?xml version="1.0" encoding="UTF-8"?>
<!-- Generated by org.testng.reporters.JUnitReportReporter -->
<testsuite hostname="OJT6" name="purushotham1.login" tests="1" failures="0" timestamp="2 Apr 2016 10:08:12 GMT" time="9.225" errors="0">
  <testcase name="logintes" time="9.225" classname="purushotham1.login"/>
</testsuite> <!-- purushotham1.login -->
