<?xml version="1.0" encoding="UTF-8"?>
<!-- Generated by org.testng.reporters.JUnitReportReporter -->
<testsuite hostname="OJT6" name="purushotham1.selectaflight" tests="1" failures="0" timestamp="2 Apr 2016 10:08:12 GMT" time="1.279" errors="0">
  <testcase name="flightselection" time="1.279" classname="purushotham1.selectaflight"/>
</testsuite> <!-- purushotham1.selectaflight -->
