<?xml version="1.0" encoding="UTF-8"?>
<!-- Generated by org.testng.reporters.JUnitReportReporter -->
<testsuite hostname="OJT6" name="purushotham1.findflight" tests="1" failures="0" timestamp="2 Apr 2016 10:08:12 GMT" time="1.023" errors="0">
  <testcase name="flight" time="1.023" classname="purushotham1.findflight"/>
</testsuite> <!-- purushotham1.findflight -->
